<?xml version="1.0" encoding="UTF-8"?>
<testsuite xmlns:xsi="http://www.w3.org/2001/XMLSchema-instance" xsi:noNamespaceSchemaLocation="https://maven.apache.org/surefire/maven-surefire-plugin/xsd/surefire-test-report.xsd" version="3.0.2" name="com.eh.digitalpathology.dicomreceiver.DicomReceiverApplicationTests" time="5.525" tests="1" errors="0" skipped="0" failures="0">
  <properties>
[...]
</properties>
  <testcase name="contextLoads" classname="com.eh.digitalpathology.dicomreceiver.DicomReceiverApplicationTests" time="1.476">
    <system-out><![CDATA[2025-05-19T17:17:31.187+05:30  INFO 576 --- [DicomReceiver] [           main] o.s.b.SpringApplication                  : 
  .   ____          _            __ _ _
 /\\ / ___'_ __ _ _(_)_ __  __ _ \ \ \ \
( ( )\___ | '_ | '_| | '_ \/ _` | \ \ \ \
 \\/  ___)| |_)| | | | | || (_| |  ) ) ) )
  '  |____| .__|_| |_|_| |_\__, | / / / /
 =========|_|==============|___/=/_/_/_/

 :: Spring Boot ::                (v3.4.1)


2025-05-19T17:17:31.277+05:30  INFO 576 --- [DicomReceiver] [           main] c.e.d.d.DicomReceiverApplicationTests    : Starting DicomReceiverApplicationTests using Java 17.0.2 with PID 576 (started by ShishirC in C:\CT_Project\Ahead_New\CodeDeployment\Git_Home\DicomReceiver)
2025-05-19T17:17:31.277+05:30  INFO 576 --- [DicomReceiver] [           main] c.e.d.d.DicomReceiverApplicationTests    : No active profile set, falling back to 1 default profile: "default"
2025-05-19T17:17:33.797+05:30  INFO 576 --- [DicomReceiver] [           main] c.e.d.d.DicomReceiverApplicationTests    : Started DicomReceiverApplicationTests in 3.061 seconds (process running for 4.71)
2025-05-19T17:17:33.810+05:30  INFO 576 --- [DicomReceiver] [           main] c.e.d.d.DicomReceiverApplication         : run :: receivedFiles :: C:\opt\received
2025-05-19T17:17:33.810+05:30  INFO 576 --- [DicomReceiver] [           main] c.e.d.d.DicomReceiverApplication         : run :: intermediateFileStorage :: C:\opt\fileserver
2025-05-19T17:17:33.812+05:30  INFO 576 --- [DicomReceiver] [pool-5-thread-1] c.e.d.d.DicomReceiverApplication         : run :: ===================>Starting receiverService terminal service...
2025-05-19T17:17:33.812+05:30  INFO 576 --- [DicomReceiver] [           main] c.e.d.d.DicomReceiverApplication         : run :: enableRemoteDirectoryWatcher: false
2025-05-19T17:17:33.812+05:30  INFO 576 --- [DicomReceiver] [           main] c.e.d.d.DicomReceiverApplication         : run :: ===============> Disabled remote directory watcher service...
2025-05-19T17:17:33.812+05:30  INFO 576 --- [DicomReceiver] [pool-5-thread-2] c.e.d.d.DicomReceiverApplication         : run :: ===========>Starting local directory watcher service...
2025-05-19T17:17:33.813+05:30  INFO 576 --- [DicomReceiver] [pool-5-thread-1] c.e.d.d.s.ReceiverService                : 		 runReceiverTerminal :: ######### Start EH_ENRICH as DICOM ReceiverService on port: 2575
2025-05-19T17:17:33.819+05:30  INFO 576 --- [DicomReceiver] [pool-5-thread-2] c.e.d.d.s.DirectoryWatcher               : directoryLookup :: Watching directory: C:\opt\received
2025-05-19T17:17:33.904+05:30  INFO 576 --- [DicomReceiver] [pool-5-thread-1] c.e.d.d.DicomReceiverApplication         : run :: ReceiverService terminal service completed.
2025-05-19T17:17:33.904+05:30  INFO 576 --- [DicomReceiver] [pool-6-thread-1] o.d.n.Connection                         : Start TCP Listener on 0.0.0.0/0.0.0.0:2575
]]></system-out>
  </testcase>
</testsuite>